{"D:\\Learning Projects\\ci-cd\\github-actions-react-app\\src\\App.js": {"path":"D:\\Learning Projects\\ci-cd\\github-actions-react-app\\src\\App.js","statementMap":{"0":{"start":{"line":6,"column":2},"end":{"line":24,"column":4}}},"fnMap":{"0":{"name":"App","decl":{"start":{"line":5,"column":9},"end":{"line":5,"column":12}},"loc":{"start":{"line":5,"column":15},"end":{"line":25,"column":1}},"line":5}},"branchMap":{},"s":{"0":1},"f":{"0":1},"b":{},"_coverageSchema":"43e27e138ebf9cfc5966b082cf9a028302ed4184","hash":"558a6294ed63a96e0e5f8c52e087fc7a48a8f15e"}
}
